Started GET "/" for 127.0.0.1 at 2018-07-31 21:26:14 +0200
Processing by StaticPagesController#home as HTML
  Rendering static_pages/home.html.erb within layouts/application
  Rendered static_pages/home.html.erb within layouts/application (2.4ms)
Completed 200 OK in 587ms (Views: 571.0ms | ActiveRecord: 0.0ms)


Started GET "/contact" for 127.0.0.1 at 2018-07-31 21:26:20 +0200
Processing by StaticPagesController#contact as HTML
  Rendering static_pages/contact.html.erb within layouts/application
  Rendered static_pages/contact.html.erb within layouts/application (0.5ms)
Completed 200 OK in 35ms (Views: 31.1ms | ActiveRecord: 0.0ms)


Started GET "/about" for 127.0.0.1 at 2018-07-31 21:26:23 +0200
Processing by StaticPagesController#about as HTML
  Rendering static_pages/about.html.erb within layouts/application
  Rendered static_pages/about.html.erb within layouts/application (0.4ms)
Completed 200 OK in 32ms (Views: 27.6ms | ActiveRecord: 0.0ms)


Started GET "/about" for 127.0.0.1 at 2018-07-31 21:28:17 +0200
Processing by StaticPagesController#about as HTML
  Rendering static_pages/about.html.erb within layouts/application
  Rendered static_pages/about.html.erb within layouts/application (0.5ms)
Completed 200 OK in 33ms (Views: 29.3ms | ActiveRecord: 0.0ms)


Started GET "/about" for 127.0.0.1 at 2018-07-31 21:35:57 +0200
Processing by StaticPagesController#about as HTML
  Rendering static_pages/about.html.erb within layouts/application
  Rendered static_pages/about.html.erb within layouts/application (0.4ms)
Completed 200 OK in 66ms (Views: 61.2ms | ActiveRecord: 0.0ms)


Started GET "/" for 127.0.0.1 at 2018-07-31 21:36:23 +0200
Processing by StaticPagesController#home as HTML
  Rendering static_pages/home.html.erb within layouts/application
  Rendered static_pages/home.html.erb within layouts/application (0.6ms)
Completed 200 OK in 35ms (Views: 29.8ms | ActiveRecord: 0.0ms)


Started GET "/about/moi" for 127.0.0.1 at 2018-07-31 21:36:26 +0200
Processing by StaticPagesController#moi as HTML
Completed 406 Not Acceptable in 166ms (ActiveRecord: 0.0ms)


  
ActionController::UnknownFormat (StaticPagesController#moi is missing a template for this request format and variant.

request.formats: ["text/html"]
request.variant: []

NOTE! For XHR/Ajax or API requests, this action would normally respond with 204 No Content: an empty white screen. Since you're loading it in a web browser, we assume that you expected to actually render a template, not nothing, so we're showing an error to be extra-clear. If you expect 204 No Content, carry on. That's what you'll get from an XHR or API request. Give it a shot.):
  
.bundle/gems/actionpack-5.2.0/lib/action_controller/metal/implicit_render.rb:55:in `default_render'
.bundle/gems/actionpack-5.2.0/lib/action_controller/metal/basic_implicit_render.rb:6:in `block in send_action'
.bundle/gems/actionpack-5.2.0/lib/action_controller/metal/basic_implicit_render.rb:6:in `tap'
.bundle/gems/actionpack-5.2.0/lib/action_controller/metal/basic_implicit_render.rb:6:in `send_action'
.bundle/gems/actionpack-5.2.0/lib/abstract_controller/base.rb:194:in `process_action'
.bundle/gems/actionpack-5.2.0/lib/action_controller/metal/rendering.rb:30:in `process_action'
.bundle/gems/actionpack-5.2.0/lib/abstract_controller/callbacks.rb:42:in `block in process_action'
.bundle/gems/activesupport-5.2.0/lib/active_support/callbacks.rb:132:in `run_callbacks'
.bundle/gems/actionpack-5.2.0/lib/abstract_controller/callbacks.rb:41:in `process_action'
.bundle/gems/actionpack-5.2.0/lib/action_controller/metal/rescue.rb:22:in `process_action'
.bundle/gems/actionpack-5.2.0/lib/action_controller/metal/instrumentation.rb:34:in `block in process_action'
.bundle/gems/activesupport-5.2.0/lib/active_support/notifications.rb:168:in `block in instrument'
.bundle/gems/activesupport-5.2.0/lib/active_support/notifications/instrumenter.rb:23:in `instrument'
.bundle/gems/activesupport-5.2.0/lib/active_support/notifications.rb:168:in `instrument'
.bundle/gems/actionpack-5.2.0/lib/action_controller/metal/instrumentation.rb:32:in `process_action'
.bundle/gems/actionpack-5.2.0/lib/action_controller/metal/params_wrapper.rb:256:in `process_action'
.bundle/gems/activerecord-5.2.0/lib/active_record/railties/controller_runtime.rb:24:in `process_action'
.bundle/gems/actionpack-5.2.0/lib/abstract_controller/base.rb:134:in `process'
.bundle/gems/actionview-5.2.0/lib/action_view/rendering.rb:32:in `process'
.bundle/gems/actionpack-5.2.0/lib/action_controller/metal.rb:191:in `dispatch'
.bundle/gems/actionpack-5.2.0/lib/action_controller/metal.rb:252:in `dispatch'
.bundle/gems/actionpack-5.2.0/lib/action_dispatch/routing/route_set.rb:52:in `dispatch'
.bundle/gems/actionpack-5.2.0/lib/action_dispatch/routing/route_set.rb:34:in `serve'
.bundle/gems/actionpack-5.2.0/lib/action_dispatch/journey/router.rb:52:in `block in serve'
.bundle/gems/actionpack-5.2.0/lib/action_dispatch/journey/router.rb:35:in `each'
.bundle/gems/actionpack-5.2.0/lib/action_dispatch/journey/router.rb:35:in `serve'
.bundle/gems/actionpack-5.2.0/lib/action_dispatch/routing/route_set.rb:840:in `call'
.bundle/gems/rack-2.0.5/lib/rack/tempfile_reaper.rb:15:in `call'
.bundle/gems/rack-2.0.5/lib/rack/etag.rb:25:in `call'
.bundle/gems/rack-2.0.5/lib/rack/conditional_get.rb:25:in `call'
.bundle/gems/rack-2.0.5/lib/rack/head.rb:12:in `call'
.bundle/gems/actionpack-5.2.0/lib/action_dispatch/http/content_security_policy.rb:18:in `call'
.bundle/gems/rack-2.0.5/lib/rack/session/abstract/id.rb:232:in `context'
.bundle/gems/rack-2.0.5/lib/rack/session/abstract/id.rb:226:in `call'
.bundle/gems/actionpack-5.2.0/lib/action_dispatch/middleware/cookies.rb:670:in `call'
.bundle/gems/activerecord-5.2.0/lib/active_record/migration.rb:559:in `call'
.bundle/gems/actionpack-5.2.0/lib/action_dispatch/middleware/callbacks.rb:28:in `block in call'
.bundle/gems/activesupport-5.2.0/lib/active_support/callbacks.rb:98:in `run_callbacks'
.bundle/gems/actionpack-5.2.0/lib/action_dispatch/middleware/callbacks.rb:26:in `call'
.bundle/gems/actionpack-5.2.0/lib/action_dispatch/middleware/executor.rb:14:in `call'
.bundle/gems/actionpack-5.2.0/lib/action_dispatch/middleware/debug_exceptions.rb:61:in `call'
.bundle/gems/web-console-3.6.2/lib/web_console/middleware.rb:135:in `call_app'
.bundle/gems/web-console-3.6.2/lib/web_console/middleware.rb:30:in `block in call'
.bundle/gems/web-console-3.6.2/lib/web_console/middleware.rb:20:in `catch'
.bundle/gems/web-console-3.6.2/lib/web_console/middleware.rb:20:in `call'
.bundle/gems/actionpack-5.2.0/lib/action_dispatch/middleware/show_exceptions.rb:33:in `call'
.bundle/gems/railties-5.2.0/lib/rails/rack/logger.rb:38:in `call_app'
.bundle/gems/railties-5.2.0/lib/rails/rack/logger.rb:26:in `block in call'
.bundle/gems/activesupport-5.2.0/lib/active_support/tagged_logging.rb:71:in `block in tagged'
.bundle/gems/activesupport-5.2.0/lib/active_support/tagged_logging.rb:28:in `tagged'
.bundle/gems/activesupport-5.2.0/lib/active_support/tagged_logging.rb:71:in `tagged'
.bundle/gems/railties-5.2.0/lib/rails/rack/logger.rb:26:in `call'
.bundle/gems/sprockets-rails-3.2.1/lib/sprockets/rails/quiet_assets.rb:13:in `call'
.bundle/gems/actionpack-5.2.0/lib/action_dispatch/middleware/remote_ip.rb:81:in `call'
.bundle/gems/actionpack-5.2.0/lib/action_dispatch/middleware/request_id.rb:27:in `call'
.bundle/gems/rack-2.0.5/lib/rack/method_override.rb:22:in `call'
.bundle/gems/rack-2.0.5/lib/rack/runtime.rb:22:in `call'
.bundle/gems/activesupport-5.2.0/lib/active_support/cache/strategy/local_cache_middleware.rb:29:in `call'
.bundle/gems/actionpack-5.2.0/lib/action_dispatch/middleware/executor.rb:14:in `call'
.bundle/gems/actionpack-5.2.0/lib/action_dispatch/middleware/static.rb:127:in `call'
.bundle/gems/rack-2.0.5/lib/rack/sendfile.rb:111:in `call'
.bundle/gems/railties-5.2.0/lib/rails/engine.rb:524:in `call'
.bundle/gems/puma-3.12.0/lib/puma/configuration.rb:225:in `call'
.bundle/gems/puma-3.12.0/lib/puma/server.rb:658:in `handle_request'
.bundle/gems/puma-3.12.0/lib/puma/server.rb:472:in `process_client'
.bundle/gems/puma-3.12.0/lib/puma/server.rb:332:in `block in run'
.bundle/gems/puma-3.12.0/lib/puma/thread_pool.rb:133:in `block in spawn_thread'
Started GET "/" for 127.0.0.1 at 2018-07-31 21:36:29 +0200
Processing by StaticPagesController#home as HTML
  Rendering static_pages/home.html.erb within layouts/application
  Rendered static_pages/home.html.erb within layouts/application (0.7ms)
Completed 200 OK in 54ms (Views: 50.1ms | ActiveRecord: 0.0ms)


Started GET "/" for 127.0.0.1 at 2018-07-31 21:36:40 +0200
Processing by StaticPagesController#home as HTML
  Rendering static_pages/home.html.erb within layouts/application
  Rendered static_pages/home.html.erb within layouts/application (0.4ms)
Completed 200 OK in 44ms (Views: 40.9ms | ActiveRecord: 0.0ms)


Started GET "/about/moi" for 127.0.0.1 at 2018-07-31 21:36:41 +0200
Processing by StaticPagesController#moi as HTML
Completed 406 Not Acceptable in 194ms (ActiveRecord: 0.0ms)


  
ActionController::UnknownFormat (StaticPagesController#moi is missing a template for this request format and variant.

request.formats: ["text/html"]
request.variant: []

NOTE! For XHR/Ajax or API requests, this action would normally respond with 204 No Content: an empty white screen. Since you're loading it in a web browser, we assume that you expected to actually render a template, not nothing, so we're showing an error to be extra-clear. If you expect 204 No Content, carry on. That's what you'll get from an XHR or API request. Give it a shot.):
  
.bundle/gems/actionpack-5.2.0/lib/action_controller/metal/implicit_render.rb:55:in `default_render'
.bundle/gems/actionpack-5.2.0/lib/action_controller/metal/basic_implicit_render.rb:6:in `block in send_action'
.bundle/gems/actionpack-5.2.0/lib/action_controller/metal/basic_implicit_render.rb:6:in `tap'
.bundle/gems/actionpack-5.2.0/lib/action_controller/metal/basic_implicit_render.rb:6:in `send_action'
.bundle/gems/actionpack-5.2.0/lib/abstract_controller/base.rb:194:in `process_action'
.bundle/gems/actionpack-5.2.0/lib/action_controller/metal/rendering.rb:30:in `process_action'
.bundle/gems/actionpack-5.2.0/lib/abstract_controller/callbacks.rb:42:in `block in process_action'
.bundle/gems/activesupport-5.2.0/lib/active_support/callbacks.rb:132:in `run_callbacks'
.bundle/gems/actionpack-5.2.0/lib/abstract_controller/callbacks.rb:41:in `process_action'
.bundle/gems/actionpack-5.2.0/lib/action_controller/metal/rescue.rb:22:in `process_action'
.bundle/gems/actionpack-5.2.0/lib/action_controller/metal/instrumentation.rb:34:in `block in process_action'
.bundle/gems/activesupport-5.2.0/lib/active_support/notifications.rb:168:in `block in instrument'
.bundle/gems/activesupport-5.2.0/lib/active_support/notifications/instrumenter.rb:23:in `instrument'
.bundle/gems/activesupport-5.2.0/lib/active_support/notifications.rb:168:in `instrument'
.bundle/gems/actionpack-5.2.0/lib/action_controller/metal/instrumentation.rb:32:in `process_action'
.bundle/gems/actionpack-5.2.0/lib/action_controller/metal/params_wrapper.rb:256:in `process_action'
.bundle/gems/activerecord-5.2.0/lib/active_record/railties/controller_runtime.rb:24:in `process_action'
.bundle/gems/actionpack-5.2.0/lib/abstract_controller/base.rb:134:in `process'
.bundle/gems/actionview-5.2.0/lib/action_view/rendering.rb:32:in `process'
.bundle/gems/actionpack-5.2.0/lib/action_controller/metal.rb:191:in `dispatch'
.bundle/gems/actionpack-5.2.0/lib/action_controller/metal.rb:252:in `dispatch'
.bundle/gems/actionpack-5.2.0/lib/action_dispatch/routing/route_set.rb:52:in `dispatch'
.bundle/gems/actionpack-5.2.0/lib/action_dispatch/routing/route_set.rb:34:in `serve'
.bundle/gems/actionpack-5.2.0/lib/action_dispatch/journey/router.rb:52:in `block in serve'
.bundle/gems/actionpack-5.2.0/lib/action_dispatch/journey/router.rb:35:in `each'
.bundle/gems/actionpack-5.2.0/lib/action_dispatch/journey/router.rb:35:in `serve'
.bundle/gems/actionpack-5.2.0/lib/action_dispatch/routing/route_set.rb:840:in `call'
.bundle/gems/rack-2.0.5/lib/rack/tempfile_reaper.rb:15:in `call'
.bundle/gems/rack-2.0.5/lib/rack/etag.rb:25:in `call'
.bundle/gems/rack-2.0.5/lib/rack/conditional_get.rb:25:in `call'
.bundle/gems/rack-2.0.5/lib/rack/head.rb:12:in `call'
.bundle/gems/actionpack-5.2.0/lib/action_dispatch/http/content_security_policy.rb:18:in `call'
.bundle/gems/rack-2.0.5/lib/rack/session/abstract/id.rb:232:in `context'
.bundle/gems/rack-2.0.5/lib/rack/session/abstract/id.rb:226:in `call'
.bundle/gems/actionpack-5.2.0/lib/action_dispatch/middleware/cookies.rb:670:in `call'
.bundle/gems/activerecord-5.2.0/lib/active_record/migration.rb:559:in `call'
.bundle/gems/actionpack-5.2.0/lib/action_dispatch/middleware/callbacks.rb:28:in `block in call'
.bundle/gems/activesupport-5.2.0/lib/active_support/callbacks.rb:98:in `run_callbacks'
.bundle/gems/actionpack-5.2.0/lib/action_dispatch/middleware/callbacks.rb:26:in `call'
.bundle/gems/actionpack-5.2.0/lib/action_dispatch/middleware/executor.rb:14:in `call'
.bundle/gems/actionpack-5.2.0/lib/action_dispatch/middleware/debug_exceptions.rb:61:in `call'
.bundle/gems/web-console-3.6.2/lib/web_console/middleware.rb:135:in `call_app'
.bundle/gems/web-console-3.6.2/lib/web_console/middleware.rb:30:in `block in call'
.bundle/gems/web-console-3.6.2/lib/web_console/middleware.rb:20:in `catch'
.bundle/gems/web-console-3.6.2/lib/web_console/middleware.rb:20:in `call'
.bundle/gems/actionpack-5.2.0/lib/action_dispatch/middleware/show_exceptions.rb:33:in `call'
.bundle/gems/railties-5.2.0/lib/rails/rack/logger.rb:38:in `call_app'
.bundle/gems/railties-5.2.0/lib/rails/rack/logger.rb:26:in `block in call'
.bundle/gems/activesupport-5.2.0/lib/active_support/tagged_logging.rb:71:in `block in tagged'
.bundle/gems/activesupport-5.2.0/lib/active_support/tagged_logging.rb:28:in `tagged'
.bundle/gems/activesupport-5.2.0/lib/active_support/tagged_logging.rb:71:in `tagged'
.bundle/gems/railties-5.2.0/lib/rails/rack/logger.rb:26:in `call'
.bundle/gems/sprockets-rails-3.2.1/lib/sprockets/rails/quiet_assets.rb:13:in `call'
.bundle/gems/actionpack-5.2.0/lib/action_dispatch/middleware/remote_ip.rb:81:in `call'
.bundle/gems/actionpack-5.2.0/lib/action_dispatch/middleware/request_id.rb:27:in `call'
.bundle/gems/rack-2.0.5/lib/rack/method_override.rb:22:in `call'
.bundle/gems/rack-2.0.5/lib/rack/runtime.rb:22:in `call'
.bundle/gems/activesupport-5.2.0/lib/active_support/cache/strategy/local_cache_middleware.rb:29:in `call'
.bundle/gems/actionpack-5.2.0/lib/action_dispatch/middleware/executor.rb:14:in `call'
.bundle/gems/actionpack-5.2.0/lib/action_dispatch/middleware/static.rb:127:in `call'
.bundle/gems/rack-2.0.5/lib/rack/sendfile.rb:111:in `call'
.bundle/gems/railties-5.2.0/lib/rails/engine.rb:524:in `call'
.bundle/gems/puma-3.12.0/lib/puma/configuration.rb:225:in `call'
.bundle/gems/puma-3.12.0/lib/puma/server.rb:658:in `handle_request'
.bundle/gems/puma-3.12.0/lib/puma/server.rb:472:in `process_client'
.bundle/gems/puma-3.12.0/lib/puma/server.rb:332:in `block in run'
.bundle/gems/puma-3.12.0/lib/puma/thread_pool.rb:133:in `block in spawn_thread'
Started GET "/" for 127.0.0.1 at 2018-07-31 21:36:44 +0200
Processing by StaticPagesController#home as HTML
  Rendering static_pages/home.html.erb within layouts/application
  Rendered static_pages/home.html.erb within layouts/application (1.0ms)
Completed 200 OK in 32ms (Views: 27.9ms | ActiveRecord: 0.0ms)


Started GET "/" for 127.0.0.1 at 2018-07-31 21:38:09 +0200
Processing by StaticPagesController#home as HTML
  Rendering static_pages/home.html.erb within layouts/application
  Rendered static_pages/home.html.erb within layouts/application (0.6ms)
Completed 200 OK in 27ms (Views: 23.4ms | ActiveRecord: 0.0ms)


Started GET "/about/moi" for 127.0.0.1 at 2018-07-31 21:38:18 +0200
Processing by StaticPagesController#moi as HTML
  Rendering static_pages/moi.html.erb within layouts/application
  Rendered static_pages/moi.html.erb within layouts/application (0.4ms)
Completed 200 OK in 42ms (Views: 35.7ms | ActiveRecord: 0.0ms)


Started GET "/about/groupe" for 127.0.0.1 at 2018-07-31 21:38:20 +0200
  
ActionController::RoutingError (No route matches [GET] "/about/groupe"):
  
.bundle/gems/actionpack-5.2.0/lib/action_dispatch/middleware/debug_exceptions.rb:65:in `call'
.bundle/gems/web-console-3.6.2/lib/web_console/middleware.rb:135:in `call_app'
.bundle/gems/web-console-3.6.2/lib/web_console/middleware.rb:30:in `block in call'
.bundle/gems/web-console-3.6.2/lib/web_console/middleware.rb:20:in `catch'
.bundle/gems/web-console-3.6.2/lib/web_console/middleware.rb:20:in `call'
.bundle/gems/actionpack-5.2.0/lib/action_dispatch/middleware/show_exceptions.rb:33:in `call'
.bundle/gems/railties-5.2.0/lib/rails/rack/logger.rb:38:in `call_app'
.bundle/gems/railties-5.2.0/lib/rails/rack/logger.rb:26:in `block in call'
.bundle/gems/activesupport-5.2.0/lib/active_support/tagged_logging.rb:71:in `block in tagged'
.bundle/gems/activesupport-5.2.0/lib/active_support/tagged_logging.rb:28:in `tagged'
.bundle/gems/activesupport-5.2.0/lib/active_support/tagged_logging.rb:71:in `tagged'
.bundle/gems/railties-5.2.0/lib/rails/rack/logger.rb:26:in `call'
.bundle/gems/sprockets-rails-3.2.1/lib/sprockets/rails/quiet_assets.rb:13:in `call'
.bundle/gems/actionpack-5.2.0/lib/action_dispatch/middleware/remote_ip.rb:81:in `call'
.bundle/gems/actionpack-5.2.0/lib/action_dispatch/middleware/request_id.rb:27:in `call'
.bundle/gems/rack-2.0.5/lib/rack/method_override.rb:22:in `call'
.bundle/gems/rack-2.0.5/lib/rack/runtime.rb:22:in `call'
.bundle/gems/activesupport-5.2.0/lib/active_support/cache/strategy/local_cache_middleware.rb:29:in `call'
.bundle/gems/actionpack-5.2.0/lib/action_dispatch/middleware/executor.rb:14:in `call'
.bundle/gems/actionpack-5.2.0/lib/action_dispatch/middleware/static.rb:127:in `call'
.bundle/gems/rack-2.0.5/lib/rack/sendfile.rb:111:in `call'
.bundle/gems/railties-5.2.0/lib/rails/engine.rb:524:in `call'
.bundle/gems/puma-3.12.0/lib/puma/configuration.rb:225:in `call'
.bundle/gems/puma-3.12.0/lib/puma/server.rb:658:in `handle_request'
.bundle/gems/puma-3.12.0/lib/puma/server.rb:472:in `process_client'
.bundle/gems/puma-3.12.0/lib/puma/server.rb:332:in `block in run'
.bundle/gems/puma-3.12.0/lib/puma/thread_pool.rb:133:in `block in spawn_thread'
Started GET "/" for 127.0.0.1 at 2018-07-31 21:38:22 +0200
Processing by StaticPagesController#home as HTML
  Rendering static_pages/home.html.erb within layouts/application
  Rendered static_pages/home.html.erb within layouts/application (0.4ms)
Completed 200 OK in 29ms (Views: 25.8ms | ActiveRecord: 0.0ms)


Started GET "/about/groupe" for 127.0.0.1 at 2018-07-31 21:38:23 +0200
  
ActionController::RoutingError (No route matches [GET] "/about/groupe"):
  
.bundle/gems/actionpack-5.2.0/lib/action_dispatch/middleware/debug_exceptions.rb:65:in `call'
.bundle/gems/web-console-3.6.2/lib/web_console/middleware.rb:135:in `call_app'
.bundle/gems/web-console-3.6.2/lib/web_console/middleware.rb:30:in `block in call'
.bundle/gems/web-console-3.6.2/lib/web_console/middleware.rb:20:in `catch'
.bundle/gems/web-console-3.6.2/lib/web_console/middleware.rb:20:in `call'
.bundle/gems/actionpack-5.2.0/lib/action_dispatch/middleware/show_exceptions.rb:33:in `call'
.bundle/gems/railties-5.2.0/lib/rails/rack/logger.rb:38:in `call_app'
.bundle/gems/railties-5.2.0/lib/rails/rack/logger.rb:26:in `block in call'
.bundle/gems/activesupport-5.2.0/lib/active_support/tagged_logging.rb:71:in `block in tagged'
.bundle/gems/activesupport-5.2.0/lib/active_support/tagged_logging.rb:28:in `tagged'
.bundle/gems/activesupport-5.2.0/lib/active_support/tagged_logging.rb:71:in `tagged'
.bundle/gems/railties-5.2.0/lib/rails/rack/logger.rb:26:in `call'
.bundle/gems/sprockets-rails-3.2.1/lib/sprockets/rails/quiet_assets.rb:13:in `call'
.bundle/gems/actionpack-5.2.0/lib/action_dispatch/middleware/remote_ip.rb:81:in `call'
.bundle/gems/actionpack-5.2.0/lib/action_dispatch/middleware/request_id.rb:27:in `call'
.bundle/gems/rack-2.0.5/lib/rack/method_override.rb:22:in `call'
.bundle/gems/rack-2.0.5/lib/rack/runtime.rb:22:in `call'
.bundle/gems/activesupport-5.2.0/lib/active_support/cache/strategy/local_cache_middleware.rb:29:in `call'
.bundle/gems/actionpack-5.2.0/lib/action_dispatch/middleware/executor.rb:14:in `call'
.bundle/gems/actionpack-5.2.0/lib/action_dispatch/middleware/static.rb:127:in `call'
.bundle/gems/rack-2.0.5/lib/rack/sendfile.rb:111:in `call'
.bundle/gems/railties-5.2.0/lib/rails/engine.rb:524:in `call'
.bundle/gems/puma-3.12.0/lib/puma/configuration.rb:225:in `call'
.bundle/gems/puma-3.12.0/lib/puma/server.rb:658:in `handle_request'
.bundle/gems/puma-3.12.0/lib/puma/server.rb:472:in `process_client'
.bundle/gems/puma-3.12.0/lib/puma/server.rb:332:in `block in run'
.bundle/gems/puma-3.12.0/lib/puma/thread_pool.rb:133:in `block in spawn_thread'
Started GET "/" for 127.0.0.1 at 2018-07-31 21:38:27 +0200
Processing by StaticPagesController#home as HTML
  Rendering static_pages/home.html.erb within layouts/application
  Rendered static_pages/home.html.erb within layouts/application (0.4ms)
Completed 200 OK in 37ms (Views: 32.5ms | ActiveRecord: 0.0ms)


Started GET "/" for 127.0.0.1 at 2018-07-31 21:38:34 +0200
Processing by StaticPagesController#home as HTML
  Rendering static_pages/home.html.erb within layouts/application
  Rendered static_pages/home.html.erb within layouts/application (0.5ms)
Completed 200 OK in 40ms (Views: 34.7ms | ActiveRecord: 0.0ms)


Started GET "/about/moi" for 127.0.0.1 at 2018-07-31 21:38:36 +0200
Processing by StaticPagesController#moi as HTML
  Rendering static_pages/moi.html.erb within layouts/application
  Rendered static_pages/moi.html.erb within layouts/application (0.4ms)
Completed 200 OK in 49ms (Views: 46.1ms | ActiveRecord: 0.0ms)


Started GET "/about/groupe" for 127.0.0.1 at 2018-07-31 21:38:38 +0200
Processing by StaticPagesController#groupe as HTML
  Rendering static_pages/groupe.html.erb within layouts/application
  Rendered static_pages/groupe.html.erb within layouts/application (0.5ms)
Completed 200 OK in 42ms (Views: 37.3ms | ActiveRecord: 0.0ms)


Started GET "/" for 127.0.0.1 at 2018-07-31 21:40:53 +0200
  
SyntaxError (/Users/thomasiatrou/Desktop/THP/Semaine5/Mardi/je_me_presente/config/routes.rb:7: syntax error, unexpected tIDENTIFIER, expecting keyword_end
.../moi',to: 'static_pages#moi' as:'ma_presentation'
...                             ^~):
  
config/routes.rb:7: syntax error, unexpected tIDENTIFIER, expecting keyword_end
Started GET "/" for 127.0.0.1 at 2018-07-31 21:41:10 +0200
Processing by StaticPagesController#home as HTML
  Rendering static_pages/home.html.erb within layouts/application
  Rendered static_pages/home.html.erb within layouts/application (0.9ms)
Completed 200 OK in 41ms (Views: 36.4ms | ActiveRecord: 0.0ms)


Started GET "/about/moi" for 127.0.0.1 at 2018-07-31 21:41:12 +0200
Processing by StaticPagesController#moi as HTML
  Rendering static_pages/moi.html.erb within layouts/application
  Rendered static_pages/moi.html.erb within layouts/application (0.6ms)
Completed 200 OK in 46ms (Views: 42.9ms | ActiveRecord: 0.0ms)


Started GET "/" for 127.0.0.1 at 2018-07-31 21:43:27 +0200
Processing by StaticPagesController#home as HTML
  Rendering static_pages/home.html.erb within layouts/application
  Rendered static_pages/home.html.erb within layouts/application (0.5ms)
Completed 200 OK in 28ms (Views: 25.5ms | ActiveRecord: 0.0ms)


Started GET "/about/moi" for 127.0.0.1 at 2018-07-31 21:43:28 +0200
Processing by StaticPagesController#moi as HTML
  Rendering static_pages/moi.html.erb within layouts/application
  Rendered static_pages/moi.html.erb within layouts/application (0.9ms)
Completed 200 OK in 50ms (Views: 41.8ms | ActiveRecord: 0.0ms)


Started GET "/" for 127.0.0.1 at 2018-07-31 21:43:30 +0200
Processing by StaticPagesController#home as HTML
  Rendering static_pages/home.html.erb within layouts/application
  Rendered static_pages/home.html.erb within layouts/application (1.6ms)
Completed 200 OK in 45ms (Views: 39.8ms | ActiveRecord: 0.0ms)


Started GET "/about/moi" for 127.0.0.1 at 2018-07-31 21:43:31 +0200
Processing by StaticPagesController#moi as HTML
  Rendering static_pages/moi.html.erb within layouts/application
  Rendered static_pages/moi.html.erb within layouts/application (0.9ms)
Completed 200 OK in 41ms (Views: 35.7ms | ActiveRecord: 0.0ms)


Started GET "/about/groupe" for 127.0.0.1 at 2018-07-31 21:43:32 +0200
Processing by StaticPagesController#groupe as HTML
  Rendering static_pages/groupe.html.erb within layouts/application
  Rendered static_pages/groupe.html.erb within layouts/application (0.5ms)
Completed 200 OK in 48ms (Views: 45.1ms | ActiveRecord: 0.0ms)


Started GET "/about/groupe" for 127.0.0.1 at 2018-07-31 21:43:34 +0200
Processing by StaticPagesController#groupe as HTML
  Rendering static_pages/groupe.html.erb within layouts/application
  Rendered static_pages/groupe.html.erb within layouts/application (0.5ms)
Completed 200 OK in 44ms (Views: 38.4ms | ActiveRecord: 0.0ms)


Started GET "/about/groupe" for 127.0.0.1 at 2018-07-31 21:44:48 +0200
Processing by StaticPagesController#groupe as HTML
  Rendering static_pages/groupe.html.erb within layouts/application
  Rendered static_pages/groupe.html.erb within layouts/application (0.4ms)
Completed 200 OK in 36ms (Views: 32.2ms | ActiveRecord: 0.0ms)


Started GET "/" for 127.0.0.1 at 2018-07-31 21:45:04 +0200
Processing by StaticPagesController#home as HTML
  Rendering static_pages/home.html.erb within layouts/application
  Rendered static_pages/home.html.erb within layouts/application (0.7ms)
Completed 200 OK in 35ms (Views: 31.4ms | ActiveRecord: 0.0ms)


Started GET "/about/moi" for 127.0.0.1 at 2018-07-31 21:45:06 +0200
Processing by StaticPagesController#moi as HTML
  Rendering static_pages/moi.html.erb within layouts/application
  Rendered static_pages/moi.html.erb within layouts/application (0.9ms)
Completed 200 OK in 41ms (Views: 36.4ms | ActiveRecord: 0.0ms)


Started GET "/" for 127.0.0.1 at 2018-07-31 21:45:07 +0200
Processing by StaticPagesController#home as HTML
  Rendering static_pages/home.html.erb within layouts/application
  Rendered static_pages/home.html.erb within layouts/application (0.9ms)
Completed 200 OK in 43ms (Views: 35.4ms | ActiveRecord: 0.0ms)


Started GET "/about/moi" for 127.0.0.1 at 2018-07-31 21:45:08 +0200
Processing by StaticPagesController#moi as HTML
  Rendering static_pages/moi.html.erb within layouts/application
  Rendered static_pages/moi.html.erb within layouts/application (0.9ms)
Completed 200 OK in 51ms (Views: 42.2ms | ActiveRecord: 0.0ms)


Started GET "/about/moi" for 127.0.0.1 at 2018-07-31 21:45:09 +0200
Processing by StaticPagesController#moi as HTML
  Rendering static_pages/moi.html.erb within layouts/application
  Rendered static_pages/moi.html.erb within layouts/application (0.9ms)
Completed 200 OK in 41ms (Views: 37.2ms | ActiveRecord: 0.0ms)


Started GET "/about/moi" for 127.0.0.1 at 2018-07-31 21:45:10 +0200
Processing by StaticPagesController#moi as HTML
  Rendering static_pages/moi.html.erb within layouts/application
  Rendered static_pages/moi.html.erb within layouts/application (0.8ms)
Completed 200 OK in 43ms (Views: 37.3ms | ActiveRecord: 0.0ms)


Started GET "/about/moi" for 127.0.0.1 at 2018-07-31 21:45:10 +0200
Processing by StaticPagesController#moi as HTML
  Rendering static_pages/moi.html.erb within layouts/application
  Rendered static_pages/moi.html.erb within layouts/application (0.7ms)
Completed 200 OK in 43ms (Views: 37.7ms | ActiveRecord: 0.0ms)


Started GET "/about/moi" for 127.0.0.1 at 2018-07-31 21:45:10 +0200
Processing by StaticPagesController#moi as HTML
  Rendering static_pages/moi.html.erb within layouts/application
  Rendered static_pages/moi.html.erb within layouts/application (0.8ms)
Completed 200 OK in 44ms (Views: 38.3ms | ActiveRecord: 0.0ms)


Started GET "/about/moi" for 127.0.0.1 at 2018-07-31 21:45:10 +0200
Processing by StaticPagesController#moi as HTML
  Rendering static_pages/moi.html.erb within layouts/application
  Rendered static_pages/moi.html.erb within layouts/application (0.8ms)
Completed 200 OK in 49ms (Views: 45.2ms | ActiveRecord: 0.0ms)


Started GET "/about/moi" for 127.0.0.1 at 2018-07-31 21:45:11 +0200
Processing by StaticPagesController#moi as HTML
  Rendering static_pages/moi.html.erb within layouts/application
  Rendered static_pages/moi.html.erb within layouts/application (0.8ms)
Completed 200 OK in 43ms (Views: 38.5ms | ActiveRecord: 0.0ms)


Started GET "/about/moi" for 127.0.0.1 at 2018-07-31 21:45:11 +0200
Processing by StaticPagesController#moi as HTML
  Rendering static_pages/moi.html.erb within layouts/application
  Rendered static_pages/moi.html.erb within layouts/application (0.8ms)
Completed 200 OK in 48ms (Views: 43.2ms | ActiveRecord: 0.0ms)


Started GET "/about/moi" for 127.0.0.1 at 2018-07-31 21:45:11 +0200
Processing by StaticPagesController#moi as HTML
  Rendering static_pages/moi.html.erb within layouts/application
  Rendered static_pages/moi.html.erb within layouts/application (0.9ms)
Completed 200 OK in 44ms (Views: 37.8ms | ActiveRecord: 0.0ms)


Started GET "/about/moi" for 127.0.0.1 at 2018-07-31 21:45:12 +0200
Processing by StaticPagesController#moi as HTML
  Rendering static_pages/moi.html.erb within layouts/application
  Rendered static_pages/moi.html.erb within layouts/application (0.9ms)
Completed 200 OK in 50ms (Views: 44.5ms | ActiveRecord: 0.0ms)


Started GET "/about/moi" for 127.0.0.1 at 2018-07-31 21:45:12 +0200
Processing by StaticPagesController#moi as HTML
  Rendering static_pages/moi.html.erb within layouts/application
  Rendered static_pages/moi.html.erb within layouts/application (0.7ms)
Completed 200 OK in 44ms (Views: 37.8ms | ActiveRecord: 0.0ms)


Started GET "/about/moi" for 127.0.0.1 at 2018-07-31 21:45:12 +0200
Processing by StaticPagesController#moi as HTML
  Rendering static_pages/moi.html.erb within layouts/application
  Rendered static_pages/moi.html.erb within layouts/application (0.8ms)
Completed 200 OK in 44ms (Views: 40.4ms | ActiveRecord: 0.0ms)


Started GET "/" for 127.0.0.1 at 2018-07-31 21:45:13 +0200
Processing by StaticPagesController#home as HTML
  Rendering static_pages/home.html.erb within layouts/application
  Rendered static_pages/home.html.erb within layouts/application (0.8ms)
Completed 200 OK in 46ms (Views: 42.7ms | ActiveRecord: 0.0ms)


Started GET "/about/groupe" for 127.0.0.1 at 2018-07-31 21:45:13 +0200
Processing by StaticPagesController#groupe as HTML
  Rendering static_pages/groupe.html.erb within layouts/application
  Rendered static_pages/groupe.html.erb within layouts/application (2.5ms)
Completed 200 OK in 56ms (Views: 49.2ms | ActiveRecord: 0.0ms)


Started GET "/about/moi" for 127.0.0.1 at 2018-07-31 21:45:15 +0200
Processing by StaticPagesController#moi as HTML
  Rendering static_pages/moi.html.erb within layouts/application
  Rendered static_pages/moi.html.erb within layouts/application (0.9ms)
Completed 200 OK in 52ms (Views: 48.0ms | ActiveRecord: 0.0ms)


Started GET "/" for 127.0.0.1 at 2018-07-31 21:46:12 +0200
Processing by StaticPagesController#home as HTML
  Rendering static_pages/home.html.erb within layouts/application
  Rendered static_pages/home.html.erb within layouts/application (0.5ms)
Completed 200 OK in 27ms (Views: 24.0ms | ActiveRecord: 0.0ms)


Started GET "/about/groupe" for 127.0.0.1 at 2018-07-31 21:46:18 +0200
Processing by StaticPagesController#groupe as HTML
  Rendering static_pages/groupe.html.erb within layouts/application
  Rendered static_pages/groupe.html.erb within layouts/application (0.9ms)
Completed 200 OK in 39ms (Views: 35.9ms | ActiveRecord: 0.0ms)


Started GET "/about/moi" for 127.0.0.1 at 2018-07-31 21:46:21 +0200
Processing by StaticPagesController#moi as HTML
  Rendering static_pages/moi.html.erb within layouts/application
  Rendered static_pages/moi.html.erb within layouts/application (0.8ms)
Completed 200 OK in 39ms (Views: 34.7ms | ActiveRecord: 0.0ms)


Started GET "/" for 127.0.0.1 at 2018-07-31 21:46:22 +0200
Processing by StaticPagesController#home as HTML
  Rendering static_pages/home.html.erb within layouts/application
  Rendered static_pages/home.html.erb within layouts/application (1.2ms)
Completed 200 OK in 44ms (Views: 39.7ms | ActiveRecord: 0.0ms)


Started GET "/about/groupe" for 127.0.0.1 at 2018-07-31 21:46:24 +0200
Processing by StaticPagesController#groupe as HTML
  Rendering static_pages/groupe.html.erb within layouts/application
  Rendered static_pages/groupe.html.erb within layouts/application (1.0ms)
Completed 200 OK in 46ms (Views: 41.6ms | ActiveRecord: 0.0ms)


Started GET "/" for 127.0.0.1 at 2018-07-31 21:46:28 +0200
Processing by StaticPagesController#home as HTML
  Rendering static_pages/home.html.erb within layouts/application
  Rendered static_pages/home.html.erb within layouts/application (0.8ms)
Completed 200 OK in 51ms (Views: 46.6ms | ActiveRecord: 0.0ms)


Started GET "/about/groupe" for 127.0.0.1 at 2018-07-31 21:46:31 +0200
Processing by StaticPagesController#groupe as HTML
  Rendering static_pages/groupe.html.erb within layouts/application
  Rendered static_pages/groupe.html.erb within layouts/application (8.8ms)
Completed 200 OK in 57ms (Views: 52.8ms | ActiveRecord: 0.0ms)


Started GET "/" for 127.0.0.1 at 2018-07-31 21:46:33 +0200
Processing by StaticPagesController#home as HTML
  Rendering static_pages/home.html.erb within layouts/application
  Rendered static_pages/home.html.erb within layouts/application (0.7ms)
Completed 200 OK in 48ms (Views: 44.8ms | ActiveRecord: 0.0ms)


Started GET "/about/groupe" for 127.0.0.1 at 2018-07-31 21:46:35 +0200
Processing by StaticPagesController#groupe as HTML
  Rendering static_pages/groupe.html.erb within layouts/application
  Rendered static_pages/groupe.html.erb within layouts/application (0.9ms)
Completed 200 OK in 43ms (Views: 39.8ms | ActiveRecord: 0.0ms)


Started GET "/about/moi" for 127.0.0.1 at 2018-07-31 21:46:36 +0200
Processing by StaticPagesController#moi as HTML
  Rendering static_pages/moi.html.erb within layouts/application
  Rendered static_pages/moi.html.erb within layouts/application (1.0ms)
Completed 200 OK in 48ms (Views: 44.1ms | ActiveRecord: 0.0ms)


Started GET "/about/groupe" for 127.0.0.1 at 2018-07-31 21:46:37 +0200
Processing by StaticPagesController#groupe as HTML
  Rendering static_pages/groupe.html.erb within layouts/application
  Rendered static_pages/groupe.html.erb within layouts/application (3.8ms)
Completed 200 OK in 49ms (Views: 42.5ms | ActiveRecord: 0.0ms)


Started GET "/about/moi" for 127.0.0.1 at 2018-07-31 21:46:38 +0200
Processing by StaticPagesController#moi as HTML
  Rendering static_pages/moi.html.erb within layouts/application
  Rendered static_pages/moi.html.erb within layouts/application (1.0ms)
Completed 200 OK in 47ms (Views: 43.2ms | ActiveRecord: 0.0ms)


Started GET "/" for 127.0.0.1 at 2018-07-31 21:46:39 +0200
Processing by StaticPagesController#home as HTML
  Rendering static_pages/home.html.erb within layouts/application
  Rendered static_pages/home.html.erb within layouts/application (0.9ms)
Completed 200 OK in 44ms (Views: 41.0ms | ActiveRecord: 0.0ms)


Started GET "/about/groupe" for 127.0.0.1 at 2018-07-31 21:46:39 +0200
Processing by StaticPagesController#groupe as HTML
  Rendering static_pages/groupe.html.erb within layouts/application
  Rendered static_pages/groupe.html.erb within layouts/application (1.0ms)
Completed 200 OK in 45ms (Views: 41.8ms | ActiveRecord: 0.0ms)


Started GET "/about/moi" for 127.0.0.1 at 2018-07-31 21:46:40 +0200
Processing by StaticPagesController#moi as HTML
  Rendering static_pages/moi.html.erb within layouts/application
  Rendered static_pages/moi.html.erb within layouts/application (0.5ms)
Completed 200 OK in 48ms (Views: 44.9ms | ActiveRecord: 0.0ms)


Started GET "/" for 127.0.0.1 at 2018-07-31 21:46:41 +0200
Processing by StaticPagesController#home as HTML
  Rendering static_pages/home.html.erb within layouts/application
  Rendered static_pages/home.html.erb within layouts/application (0.9ms)
Completed 200 OK in 56ms (Views: 51.9ms | ActiveRecord: 0.0ms)


Started GET "/" for 127.0.0.1 at 2018-07-31 21:50:04 +0200
  
ArgumentError (Invalid route name, already in use: 'about' 
You may have defined two routes with the same name using the `:as` option, or you may be overriding a route already defined by a resource with the same naming. For the latter, you can restrict the routes created with `resources` as explained here: 
http://guides.rubyonrails.org/routing.html#restricting-the-routes-created):
  
config/routes.rb:6:in `block in <main>'
config/routes.rb:1:in `<main>'
Started GET "/" for 127.0.0.1 at 2018-07-31 21:50:58 +0200
  
ArgumentError (Invalid route name: 'à_propos'):
  
config/routes.rb:6:in `block in <main>'
config/routes.rb:1:in `<main>'
Started GET "/" for 127.0.0.1 at 2018-07-31 21:51:21 +0200
Processing by StaticPagesController#home as HTML
  Rendering static_pages/home.html.erb within layouts/application
  Rendered static_pages/home.html.erb within layouts/application (0.4ms)
Completed 200 OK in 30ms (Views: 27.1ms | ActiveRecord: 0.0ms)


Started GET "/" for 127.0.0.1 at 2018-07-31 21:53:39 +0200
Processing by StaticPagesController#home as HTML
  Rendering static_pages/home.html.erb within layouts/application
  Rendered static_pages/home.html.erb within layouts/application (216.3ms)
Completed 500 Internal Server Error in 229ms (ActiveRecord: 0.0ms)


  
ActionView::Template::Error (undefined local variable or method `contacter_path' for #<#<Class:0x00007fe1499f14d8>:0x00007fe148210eb8>):
    3: 
    4: <ul class="list-group">
    5:   <li class="list-group-item"><a href='<%= a_propos_path %>'>About</a></li>
    6:   <li class="list-group-item"><a href='<%= contacter_path %>'>Contact</a></li>
    7: </ul>
  
app/views/static_pages/home.html.erb:6:in `_app_views_static_pages_home_html_erb___3020632160152906380_70302777279440'
Started GET "/" for 127.0.0.1 at 2018-07-31 21:53:58 +0200
  
SyntaxError (/Users/thomasiatrou/Desktop/THP/Semaine5/Mardi/je_me_presente/config/routes.rb:5: syntax error, unexpected tIDENTIFIER, expecting keyword_end
...',to: 'static_pages#contact' as:'contacter'
...                             ^~):
  
config/routes.rb:5: syntax error, unexpected tIDENTIFIER, expecting keyword_end
Started GET "/" for 127.0.0.1 at 2018-07-31 21:54:12 +0200
Processing by StaticPagesController#home as HTML
  Rendering static_pages/home.html.erb within layouts/application
  Rendered static_pages/home.html.erb within layouts/application (1.3ms)
Completed 200 OK in 58ms (Views: 54.3ms | ActiveRecord: 0.0ms)


Started GET "/about" for 127.0.0.1 at 2018-07-31 21:54:16 +0200
Processing by StaticPagesController#about as HTML
  Rendering static_pages/about.html.erb within layouts/application
  Rendered static_pages/about.html.erb within layouts/application (147.7ms)
Completed 500 Internal Server Error in 169ms (ActiveRecord: 0.0ms)


  
ActionView::Template::Error (undefined local variable or method `home_path' for #<#<Class:0x00007fe149ab30b0>:0x00007fe143baf2a8>):
    1: <h4><a href='<%=ma_presentation_path%>'> Ma présentation</a> - - - - <a href='<%=groupe_presentation_path%>'>Mon groupe</h4>
    2: 	<br/><br/>
    3: 
    4: <h4>Revenir à la<a href='<%=home_path%>'>Home page</a></h4>
  
app/views/static_pages/about.html.erb:4:in `_app_views_static_pages_about_html_erb___2281457323642368948_70302740348620'
Started GET "/" for 127.0.0.1 at 2018-07-31 21:57:35 +0200
Processing by StaticPagesController#home as HTML
  Rendering static_pages/home.html.erb within layouts/application
  Rendered static_pages/home.html.erb within layouts/application (0.6ms)
Completed 200 OK in 28ms (Views: 25.0ms | ActiveRecord: 0.0ms)


Started GET "/about" for 127.0.0.1 at 2018-07-31 21:57:38 +0200
Processing by StaticPagesController#about as HTML
  Rendering static_pages/about.html.erb within layouts/application
  Rendered static_pages/about.html.erb within layouts/application (1.1ms)
Completed 200 OK in 45ms (Views: 41.9ms | ActiveRecord: 0.0ms)


Started GET "/about" for 127.0.0.1 at 2018-07-31 21:57:48 +0200
Processing by StaticPagesController#about as HTML
  Rendering static_pages/about.html.erb within layouts/application
  Rendered static_pages/about.html.erb within layouts/application (0.7ms)
Completed 200 OK in 27ms (Views: 23.3ms | ActiveRecord: 0.0ms)


Started GET "/about/moi" for 127.0.0.1 at 2018-07-31 21:57:50 +0200
Processing by StaticPagesController#moi as HTML
  Rendering static_pages/moi.html.erb within layouts/application
  Rendered static_pages/moi.html.erb within layouts/application (1.6ms)
Completed 200 OK in 40ms (Views: 35.3ms | ActiveRecord: 0.0ms)


Started GET "/" for 127.0.0.1 at 2018-07-31 21:59:35 +0200
Processing by StaticPagesController#home as HTML
  Rendering static_pages/home.html.erb within layouts/application
  Rendered static_pages/home.html.erb within layouts/application (0.7ms)
Completed 200 OK in 30ms (Views: 25.9ms | ActiveRecord: 0.0ms)


Started GET "/about" for 127.0.0.1 at 2018-07-31 21:59:38 +0200
Processing by StaticPagesController#about as HTML
  Rendering static_pages/about.html.erb within layouts/application
  Rendered static_pages/about.html.erb within layouts/application (0.9ms)
Completed 200 OK in 46ms (Views: 42.7ms | ActiveRecord: 0.0ms)


Started GET "/about/moi" for 127.0.0.1 at 2018-07-31 21:59:39 +0200
Processing by StaticPagesController#moi as HTML
  Rendering static_pages/moi.html.erb within layouts/application
  Rendered static_pages/moi.html.erb within layouts/application (1.2ms)
Completed 200 OK in 43ms (Views: 34.5ms | ActiveRecord: 0.0ms)


Started GET "/" for 127.0.0.1 at 2018-07-31 22:02:57 +0200
Processing by StaticPagesController#home as HTML
  Rendering static_pages/home.html.erb within layouts/application
  Rendered static_pages/home.html.erb within layouts/application (0.7ms)
Completed 200 OK in 32ms (Views: 28.6ms | ActiveRecord: 0.0ms)


Started GET "/" for 127.0.0.1 at 2018-07-31 22:03:09 +0200
Processing by StaticPagesController#home as HTML
  Rendering static_pages/home.html.erb within layouts/application
  Rendered static_pages/home.html.erb within layouts/application (0.6ms)
Completed 200 OK in 30ms (Views: 27.0ms | ActiveRecord: 0.0ms)


Started GET "/about" for 127.0.0.1 at 2018-07-31 22:03:17 +0200
Processing by StaticPagesController#about as HTML
  Rendering static_pages/about.html.erb within layouts/application
  Rendered static_pages/about.html.erb within layouts/application (1.0ms)
Completed 200 OK in 46ms (Views: 42.8ms | ActiveRecord: 0.0ms)


Started GET "/about/groupe" for 127.0.0.1 at 2018-07-31 22:03:22 +0200
Processing by StaticPagesController#groupe as HTML
  Rendering static_pages/groupe.html.erb within layouts/application
  Rendered static_pages/groupe.html.erb within layouts/application (1.0ms)
Completed 200 OK in 41ms (Views: 37.2ms | ActiveRecord: 0.0ms)


Started GET "/about/moi" for 127.0.0.1 at 2018-07-31 22:03:29 +0200
Processing by StaticPagesController#moi as HTML
  Rendering static_pages/moi.html.erb within layouts/application
  Rendered static_pages/moi.html.erb within layouts/application (1.0ms)
Completed 200 OK in 44ms (Views: 39.4ms | ActiveRecord: 0.0ms)


Started GET "/about" for 127.0.0.1 at 2018-07-31 22:03:32 +0200
Processing by StaticPagesController#about as HTML
  Rendering static_pages/about.html.erb within layouts/application
  Rendered static_pages/about.html.erb within layouts/application (1.7ms)
Completed 200 OK in 47ms (Views: 42.5ms | ActiveRecord: 0.0ms)


Started GET "/" for 127.0.0.1 at 2018-07-31 22:03:33 +0200
Processing by StaticPagesController#home as HTML
  Rendering static_pages/home.html.erb within layouts/application
  Rendered static_pages/home.html.erb within layouts/application (1.1ms)
Completed 200 OK in 46ms (Views: 41.0ms | ActiveRecord: 0.0ms)


Started GET "/contact" for 127.0.0.1 at 2018-07-31 22:03:36 +0200
Processing by StaticPagesController#contact as HTML
  Rendering static_pages/contact.html.erb within layouts/application
  Rendered static_pages/contact.html.erb within layouts/application (0.5ms)
Completed 200 OK in 42ms (Views: 34.3ms | ActiveRecord: 0.0ms)


Started GET "/" for 127.0.0.1 at 2018-07-31 22:07:48 +0200
Processing by StaticPagesController#home as HTML
  Rendering static_pages/home.html.erb within layouts/application
  Rendered static_pages/home.html.erb within layouts/application (0.7ms)
Completed 200 OK in 32ms (Views: 28.8ms | ActiveRecord: 0.0ms)


Started GET "/" for 127.0.0.1 at 2018-07-31 22:07:51 +0200
Processing by StaticPagesController#home as HTML
  Rendering static_pages/home.html.erb within layouts/application
  Rendered static_pages/home.html.erb within layouts/application (0.7ms)
Completed 200 OK in 42ms (Views: 34.5ms | ActiveRecord: 0.0ms)


Started GET "/" for 127.0.0.1 at 2018-07-31 22:07:53 +0200
Processing by StaticPagesController#home as HTML
  Rendering static_pages/home.html.erb within layouts/application
  Rendered static_pages/home.html.erb within layouts/application (0.7ms)
Completed 200 OK in 39ms (Views: 35.1ms | ActiveRecord: 0.0ms)


Started GET "/" for 127.0.0.1 at 2018-07-31 22:07:55 +0200
Processing by StaticPagesController#home as HTML
  Rendering static_pages/home.html.erb within layouts/application
  Rendered static_pages/home.html.erb within layouts/application (0.8ms)
Completed 200 OK in 59ms (Views: 54.1ms | ActiveRecord: 0.0ms)


Started GET "/contact" for 127.0.0.1 at 2018-07-31 22:07:56 +0200
Processing by StaticPagesController#contact as HTML
  Rendering static_pages/contact.html.erb within layouts/application
  Rendered static_pages/contact.html.erb within layouts/application (0.5ms)
Completed 200 OK in 46ms (Views: 40.6ms | ActiveRecord: 0.0ms)


Started GET "/" for 127.0.0.1 at 2018-07-31 22:07:58 +0200
Processing by StaticPagesController#home as HTML
  Rendering static_pages/home.html.erb within layouts/application
  Rendered static_pages/home.html.erb within layouts/application (1.6ms)
Completed 200 OK in 47ms (Views: 41.7ms | ActiveRecord: 0.0ms)


Started GET "/" for 127.0.0.1 at 2018-07-31 22:07:59 +0200
Processing by StaticPagesController#home as HTML
  Rendering static_pages/home.html.erb within layouts/application
  Rendered static_pages/home.html.erb within layouts/application (1.1ms)
Completed 200 OK in 44ms (Views: 38.8ms | ActiveRecord: 0.0ms)


Started GET "/" for 127.0.0.1 at 2018-07-31 22:08:01 +0200
Processing by StaticPagesController#home as HTML
  Rendering static_pages/home.html.erb within layouts/application
  Rendered static_pages/home.html.erb within layouts/application (0.9ms)
Completed 200 OK in 31ms (Views: 28.3ms | ActiveRecord: 0.0ms)


Started GET "/" for 127.0.0.1 at 2018-07-31 22:08:02 +0200
Processing by StaticPagesController#home as HTML
  Rendering static_pages/home.html.erb within layouts/application
  Rendered static_pages/home.html.erb within layouts/application (0.9ms)
Completed 200 OK in 40ms (Views: 36.0ms | ActiveRecord: 0.0ms)


Started GET "/" for 127.0.0.1 at 2018-07-31 22:08:04 +0200
Processing by StaticPagesController#home as HTML
  Rendering static_pages/home.html.erb within layouts/application
  Rendered static_pages/home.html.erb within layouts/application (1.1ms)
Completed 200 OK in 43ms (Views: 39.0ms | ActiveRecord: 0.0ms)


Started GET "/" for 127.0.0.1 at 2018-07-31 22:08:58 +0200
Processing by StaticPagesController#home as HTML
  Rendering static_pages/home.html.erb within layouts/application
  Rendered static_pages/home.html.erb within layouts/application (0.7ms)
Completed 200 OK in 29ms (Views: 25.3ms | ActiveRecord: 0.0ms)


Started GET "/about" for 127.0.0.1 at 2018-07-31 22:09:03 +0200
Processing by StaticPagesController#about as HTML
  Rendering static_pages/about.html.erb within layouts/application
  Rendered static_pages/about.html.erb within layouts/application (1.0ms)
Completed 200 OK in 47ms (Views: 44.1ms | ActiveRecord: 0.0ms)


Started GET "/about" for 127.0.0.1 at 2018-07-31 22:09:07 +0200
Processing by StaticPagesController#about as HTML
  Rendering static_pages/about.html.erb within layouts/application
  Rendered static_pages/about.html.erb within layouts/application (1.0ms)
Completed 200 OK in 43ms (Views: 39.5ms | ActiveRecord: 0.0ms)


Started GET "/" for 127.0.0.1 at 2018-07-31 22:09:25 +0200
Processing by StaticPagesController#home as HTML
  Rendering static_pages/home.html.erb within layouts/application
  Rendered static_pages/home.html.erb within layouts/application (1.1ms)
Completed 200 OK in 30ms (Views: 27.2ms | ActiveRecord: 0.0ms)


Started GET "/" for 127.0.0.1 at 2018-07-31 22:09:26 +0200
Processing by StaticPagesController#home as HTML
  Rendering static_pages/home.html.erb within layouts/application
  Rendered static_pages/home.html.erb within layouts/application (1.0ms)
Completed 200 OK in 42ms (Views: 35.2ms | ActiveRecord: 0.0ms)


Started GET "/" for 127.0.0.1 at 2018-07-31 22:09:28 +0200
Processing by StaticPagesController#home as HTML
  Rendering static_pages/home.html.erb within layouts/application
  Rendered static_pages/home.html.erb within layouts/application (0.9ms)
Completed 200 OK in 38ms (Views: 33.9ms | ActiveRecord: 0.0ms)


Started GET "/" for 127.0.0.1 at 2018-07-31 22:09:29 +0200
Processing by StaticPagesController#home as HTML
  Rendering static_pages/home.html.erb within layouts/application
  Rendered static_pages/home.html.erb within layouts/application (1.1ms)
Completed 200 OK in 45ms (Views: 39.1ms | ActiveRecord: 0.0ms)


Started GET "/" for 127.0.0.1 at 2018-07-31 22:09:29 +0200
Processing by StaticPagesController#home as HTML
  Rendering static_pages/home.html.erb within layouts/application
  Rendered static_pages/home.html.erb within layouts/application (1.5ms)
Completed 200 OK in 41ms (Views: 36.5ms | ActiveRecord: 0.0ms)


Started GET "/" for 127.0.0.1 at 2018-07-31 22:09:29 +0200
Processing by StaticPagesController#home as HTML
  Rendering static_pages/home.html.erb within layouts/application
  Rendered static_pages/home.html.erb within layouts/application (1.5ms)
Completed 200 OK in 42ms (Views: 37.7ms | ActiveRecord: 0.0ms)


Started GET "/" for 127.0.0.1 at 2018-07-31 22:09:29 +0200
Processing by StaticPagesController#home as HTML
  Rendering static_pages/home.html.erb within layouts/application
  Rendered static_pages/home.html.erb within layouts/application (1.2ms)
Completed 200 OK in 44ms (Views: 39.2ms | ActiveRecord: 0.0ms)


Started GET "/" for 127.0.0.1 at 2018-07-31 22:09:30 +0200
Processing by StaticPagesController#home as HTML
  Rendering static_pages/home.html.erb within layouts/application
  Rendered static_pages/home.html.erb within layouts/application (1.1ms)
Completed 200 OK in 51ms (Views: 44.3ms | ActiveRecord: 0.0ms)


Started GET "/" for 127.0.0.1 at 2018-07-31 22:09:30 +0200
Processing by StaticPagesController#home as HTML
  Rendering static_pages/home.html.erb within layouts/application
  Rendered static_pages/home.html.erb within layouts/application (2.5ms)
Completed 200 OK in 46ms (Views: 39.3ms | ActiveRecord: 0.0ms)


Started GET "/" for 127.0.0.1 at 2018-07-31 22:09:30 +0200
Processing by StaticPagesController#home as HTML
  Rendering static_pages/home.html.erb within layouts/application
  Rendered static_pages/home.html.erb within layouts/application (1.1ms)
Completed 200 OK in 44ms (Views: 37.9ms | ActiveRecord: 0.0ms)


Started GET "/" for 127.0.0.1 at 2018-07-31 22:09:30 +0200
Processing by StaticPagesController#home as HTML
  Rendering static_pages/home.html.erb within layouts/application
  Rendered static_pages/home.html.erb within layouts/application (1.1ms)
Completed 200 OK in 44ms (Views: 38.4ms | ActiveRecord: 0.0ms)


Started GET "/" for 127.0.0.1 at 2018-07-31 22:12:57 +0200
Processing by StaticPagesController#home as HTML
  Rendering static_pages/home.html.erb within layouts/application
  Rendered static_pages/home.html.erb within layouts/application (0.6ms)
Completed 200 OK in 28ms (Views: 25.0ms | ActiveRecord: 0.0ms)


Started GET "/contact" for 127.0.0.1 at 2018-07-31 22:13:02 +0200
Processing by StaticPagesController#contact as HTML
  Rendering static_pages/contact.html.erb within layouts/application
  Rendered static_pages/contact.html.erb within layouts/application (0.5ms)
Completed 200 OK in 41ms (Views: 35.3ms | ActiveRecord: 0.0ms)


Started GET "/about" for 127.0.0.1 at 2018-07-31 22:13:04 +0200
Processing by StaticPagesController#about as HTML
  Rendering static_pages/about.html.erb within layouts/application
  Rendered static_pages/about.html.erb within layouts/application (0.7ms)
Completed 200 OK in 41ms (Views: 38.2ms | ActiveRecord: 0.0ms)


Started GET "/about/moi" for 127.0.0.1 at 2018-07-31 22:13:05 +0200
Processing by StaticPagesController#moi as HTML
  Rendering static_pages/moi.html.erb within layouts/application
  Rendered static_pages/moi.html.erb within layouts/application (1.1ms)
Completed 200 OK in 47ms (Views: 40.2ms | ActiveRecord: 0.0ms)


Started GET "/" for 127.0.0.1 at 2018-07-31 22:13:55 +0200
Processing by StaticPagesController#home as HTML
  Rendering static_pages/home.html.erb within layouts/application
  Rendered static_pages/home.html.erb within layouts/application (0.6ms)
Completed 200 OK in 37ms (Views: 34.0ms | ActiveRecord: 0.0ms)


Started GET "/" for 127.0.0.1 at 2018-07-31 22:13:57 +0200
Processing by StaticPagesController#home as HTML
  Rendering static_pages/home.html.erb within layouts/application
  Rendered static_pages/home.html.erb within layouts/application (0.9ms)
Completed 200 OK in 38ms (Views: 34.1ms | ActiveRecord: 0.0ms)


Started GET "/contact" for 127.0.0.1 at 2018-07-31 22:13:58 +0200
Processing by StaticPagesController#contact as HTML
  Rendering static_pages/contact.html.erb within layouts/application
  Rendered static_pages/contact.html.erb within layouts/application (0.5ms)
Completed 200 OK in 44ms (Views: 40.8ms | ActiveRecord: 0.0ms)


Started GET "/about" for 127.0.0.1 at 2018-07-31 22:14:00 +0200
Processing by StaticPagesController#about as HTML
  Rendering static_pages/about.html.erb within layouts/application
  Rendered static_pages/about.html.erb within layouts/application (1.2ms)
Completed 200 OK in 44ms (Views: 40.4ms | ActiveRecord: 0.0ms)


Started GET "/about/moi" for 127.0.0.1 at 2018-07-31 22:14:01 +0200
Processing by StaticPagesController#moi as HTML
  Rendering static_pages/moi.html.erb within layouts/application
  Rendered static_pages/moi.html.erb within layouts/application (1.0ms)
Completed 200 OK in 42ms (Views: 38.5ms | ActiveRecord: 0.0ms)


Started GET "/about/groupe" for 127.0.0.1 at 2018-07-31 22:14:02 +0200
Processing by StaticPagesController#groupe as HTML
  Rendering static_pages/groupe.html.erb within layouts/application
  Rendered static_pages/groupe.html.erb within layouts/application (0.9ms)
Completed 200 OK in 41ms (Views: 38.0ms | ActiveRecord: 0.0ms)


Started GET "/about/moi" for 127.0.0.1 at 2018-07-31 22:14:04 +0200
Processing by StaticPagesController#moi as HTML
  Rendering static_pages/moi.html.erb within layouts/application
  Rendered static_pages/moi.html.erb within layouts/application (1.4ms)
Completed 200 OK in 49ms (Views: 43.5ms | ActiveRecord: 0.0ms)


Started GET "/about" for 127.0.0.1 at 2018-07-31 22:14:05 +0200
Processing by StaticPagesController#about as HTML
  Rendering static_pages/about.html.erb within layouts/application
  Rendered static_pages/about.html.erb within layouts/application (1.0ms)
Completed 200 OK in 51ms (Views: 44.2ms | ActiveRecord: 0.0ms)


Started GET "/about/moi" for 127.0.0.1 at 2018-07-31 22:14:05 +0200
Processing by StaticPagesController#moi as HTML
  Rendering static_pages/moi.html.erb within layouts/application
  Rendered static_pages/moi.html.erb within layouts/application (5.2ms)
Completed 200 OK in 49ms (Views: 43.9ms | ActiveRecord: 0.0ms)


Started GET "/about/groupe" for 127.0.0.1 at 2018-07-31 22:14:06 +0200
Processing by StaticPagesController#groupe as HTML
  Rendering static_pages/groupe.html.erb within layouts/application
  Rendered static_pages/groupe.html.erb within layouts/application (1.0ms)
Completed 200 OK in 41ms (Views: 36.9ms | ActiveRecord: 0.0ms)


Started GET "/about/moi" for 127.0.0.1 at 2018-07-31 22:14:07 +0200
Processing by StaticPagesController#moi as HTML
  Rendering static_pages/moi.html.erb within layouts/application
  Rendered static_pages/moi.html.erb within layouts/application (1.1ms)
Completed 200 OK in 44ms (Views: 39.7ms | ActiveRecord: 0.0ms)


Started GET "/about" for 127.0.0.1 at 2018-07-31 22:14:08 +0200
Processing by StaticPagesController#about as HTML
  Rendering static_pages/about.html.erb within layouts/application
  Rendered static_pages/about.html.erb within layouts/application (1.0ms)
Completed 200 OK in 47ms (Views: 42.7ms | ActiveRecord: 0.0ms)


